Arguments: 
  C:\Program Files\nodejs\node.exe C:\Users\louis\AppData\Roaming\npm\node_modules\yarn\bin\yarn.js add socket.io-client

PATH: 
  C:\Program Files\Common Files\Oracle\Java\javapath;C:\Program Files (x86)\Common Files\Oracle\Java\javapath;C:\Windows\system32;C:\Windows;C:\Windows\System32\Wbem;C:\Windows\System32\WindowsPowerShell\v1.0\;C:\Windows\System32\OpenSSH\;C:\Program Files (x86)\NVIDIA Corporation\PhysX\Common;C:\Program Files\NVIDIA Corporation\NVIDIA NvDLISR;C:\Program Files\Git\cmd;C:\Program Files\nodejs\;C:\Users\louis\AppData\Local\Microsoft\WindowsApps;;C:\Users\louis\AppData\Local\Programs\Microsoft VS Code\bin;C:\Users\louis\AppData\Roaming\npm

Yarn version: 
  1.22.10

Node version: 
  14.15.1

Platform: 
  win32 x64

Trace: 
  Error: connect ECONNREFUSED 127.0.0.1:8080
      at TCPConnectWrap.afterConnect [as oncomplete] (net.js:1146:16)

npm manifest: 
  {
    "name": "mongodb",
    "version": "0.1.0",
    "private": true,
    "dependencies": {
      "@fortawesome/fontawesome-svg-core": "^1.2.32",
      "@fortawesome/free-solid-svg-icons": "^5.15.1",
      "@fortawesome/react-fontawesome": "^0.1.12",
      "@testing-library/jest-dom": "^5.11.5",
      "@testing-library/react": "^11.1.1",
      "@testing-library/user-event": "^12.2.0",
      "axios": "^0.21.0",
      "babel-eslint": "^10.1.0",
      "bcryptjs": "^2.4.3",
      "body-parser": "^1.19.0",
      "concurrently": "^5.3.0",
      "ejs": "^3.1.5",
      "express": "^4.17.1",
      "is-empty": "^1.2.0",
      "jsonwebtoken": "^8.5.1",
      "mongoose": "^5.10.15",
      "passport": "^0.4.1",
      "passport-jwt": "^4.0.0",
      "proxy": "http://localhost:8080/",
      "react": "^17.0.1",
      "react-dom": "^17.0.1",
      "react-router-dom": "^5.2.0",
      "react-scripts": "4.0.0",
      "simple-peer": "^9.9.3",
      "validator": "^13.1.17",
      "web-vitals": "^0.2.4"
    },
    "scripts": {
      "start": "react-scripts start",
      "build": "react-scripts build",
      "test": "react-scripts test",
      "eject": "react-scripts eject"
    },
    "eslintConfig": {
      "extends": [
        "react-app",
        "react-app/jest"
      ]
    },
    "browserslist": {
      "production": [
        ">0.2%",
        "not dead",
        "not op_mini all"
      ],
      "development": [
        "last 1 chrome version",
        "last 1 firefox version",
        "last 1 safari version"
      ]
    },
    "description": "This project was bootstrapped with [Create React App](https://github.com/facebook/create-react-app).",
    "main": "server.js",
    "devDependencies": {},
    "author": "",
    "license": "ISC"
  }

yarn manifest: 
  No manifest

Lockfile: 
  No lockfile
